2026-03-13 06:31:53 response=[{"senderName":"The senderName supplied is not valid"}]
---
2026-03-13 06:47:42 response=[{"senderName":"The senderName supplied is not valid"}]
---
2026-03-13 06:51:42 response=[{"senderName":"The senderName supplied is not valid"}]
---
2026-03-13 06:58:13 to=09850326985 response=[{"senderName":"The senderName supplied is not valid"}]
---
2026-03-13 07:02:08 to=639850326985 response=[{"senderName":"The senderName supplied is not valid"}]
---
2026-03-13 07:04:54 to=+639850326985 response=[{"senderName":"The senderName supplied is not valid"}]
---
2026-03-13 07:17:10 to=09850326985 response=[{"senderName":"The senderName supplied is not valid"}]
---
2026-03-13 07:18:54 to=09850326985 response=[{"message_id":266351346,"user_id":41505,"user":"mindworth@gmail.com","account_id":41366,"account":"Leuterio Realty and Brokerage","recipient":"639850326985","message":"this is a messgae","sender_name":"FHsms","network":"Globe","status":"Pending","type":"Priority","source":"Api","created_at":"2026-03-13 15:18:55","updated_at":"2026-03-13 15:18:55"}]
---
2026-03-13 07:19:58 to=09850326985 response=[{"message_id":266351458,"user_id":41505,"user":"mindworth@gmail.com","account_id":41366,"account":"Leuterio Realty and Brokerage","recipient":"639850326985","message":"unsa to nato","sender_name":"FHsms","network":"Globe","status":"Pending","type":"Priority","source":"Api","created_at":"2026-03-13 15:19:59","updated_at":"2026-03-13 15:19:59"}]
---
2026-03-13 07:27:05 to=09850326985 response=[{"message_id":266351940,"user_id":41505,"user":"mindworth@gmail.com","account_id":41366,"account":"Leuterio Realty and Brokerage","recipient":"639850326985","message":"qwertyuiop","sender_name":"FHsms","network":"Globe","status":"Pending","type":"Priority","source":"Api","created_at":"2026-03-13 15:27:05","updated_at":"2026-03-13 15:27:05"}]
---
2026-03-13 07:33:15 to=09617421348 response=[{"message_id":266352327,"user_id":41505,"user":"mindworth@gmail.com","account_id":41366,"account":"Leuterio Realty and Brokerage","recipient":"639617421348","message":"unsaon pag send sa sms","sender_name":"FHsms","network":"Smart","status":"Pending","type":"Priority","source":"Api","created_at":"2026-03-13 15:33:16","updated_at":"2026-03-13 15:33:16"}]
---
2026-03-13 07:42:38 to=09422482037 response=[{"message_id":266352879,"user_id":41505,"user":"mindworth@gmail.com","account_id":41366,"account":"Leuterio Realty and Brokerage","recipient":"639422482037","message":"Testing","sender_name":"FHsms","network":"Sun","status":"Pending","type":"Priority","source":"Api","created_at":"2026-03-13 15:42:39","updated_at":"2026-03-13 15:42:39"}]
---
2026-03-13 07:46:23 to=09422482037 response=[{"message_id":266353112,"user_id":41505,"user":"mindworth@gmail.com","account_id":41366,"account":"Leuterio Realty and Brokerage","recipient":"639422482037","message":"this message is testing","sender_name":"FHsms","network":"Sun","status":"Pending","type":"Priority","source":"Api","created_at":"2026-03-13 15:46:23","updated_at":"2026-03-13 15:46:23"}]
---
2026-03-13 07:46:23 to=09850326985 response=[{"message_id":266353114,"user_id":41505,"user":"mindworth@gmail.com","account_id":41366,"account":"Leuterio Realty and Brokerage","recipient":"639850326985","message":"this message is testing","sender_name":"FHsms","network":"Globe","status":"Pending","type":"Priority","source":"Api","created_at":"2026-03-13 15:46:24","updated_at":"2026-03-13 15:46:24"}]
---
